Arguments: 
  /Users/didi/.nvm/versions/node/v14.18.2/bin/node /Users/didi/.nvm/versions/node/v14.18.2/bin/yarn add

PATH: 
  /usr/local/bin:/usr/bin:/bin:/usr/sbin:/sbin:/usr/local/munki:/Users/didi/.nvm/versions/node/v14.18.2/bin

Yarn version: 
  1.22.17

Node version: 
  14.18.2

Platform: 
  darwin x64

Trace: 
  SyntaxError: /Users/didi/Desktop/React/blog/package.json: Unexpected token / in JSON at position 446
      at JSON.parse (<anonymous>)
      at /Users/didi/.nvm/versions/node/v14.18.2/lib/node_modules/yarn/lib/cli.js:1625:59
      at Generator.next (<anonymous>)
      at step (/Users/didi/.nvm/versions/node/v14.18.2/lib/node_modules/yarn/lib/cli.js:310:30)
      at /Users/didi/.nvm/versions/node/v14.18.2/lib/node_modules/yarn/lib/cli.js:321:13

npm manifest: 
  {
    "name": "appa",
    "version": "0.1.0",
    "private": true,
    "dependencies": {
      "@testing-library/react": "^9.3.2",
      "animejs": "^3.2.1",
      "axios": "^0.19.2",
      "js-cookie": "^2.2.1",
      "js-md5": "^0.7.3",
      "moment": "^2.29.1",
      "prismjs": "^1.27.0",
      "react": "^16.8.6",
      "react-dom": "^16.8.6",
      "react-loadable": "^5.5.0",
      "react-redux": "^7.2.6",
      "react-router-dom": "^5.2.0",
      "redux": "^4.0.5",
      // "redux-thunk": "^2.3.0",
      "shelljs": "^0.8.5"
    },
    "scripts": {
      "start": "react-app-rewired start",
      "build": "react-app-rewired --max_old_space_size=4096 build",
      "test": "react-scripts test",
      "eject": "react-app-rewired eject"
    },
    "eslintConfig": {
      "extends": "react-app"
    },
    "browserslist": {
      "production": [
        ">0.2%",
        "not dead",
        "not op_mini all"
      ],
      "development": [
        "last 1 chrome version",
        "last 1 firefox version",
        "last 1 safari version"
      ]
    },
    "devDependencies": {
      "antd": "^4.15.2",
      "babel-plugin-import": "^1.13.3",
      "customize-cra": "^1.0.0",
      "dart-sass": "^1.25.0",
      "http-proxy-middleware": "^0.19.1",
      "image-webpack-loader": "^3.4.2",
      "react-app-rewired": "^2.1.3",
      "react-beautiful-dnd": "^13.1.0",
      "react-scripts": "^4.0.3",
      "redux-logger": "^3.0.6",
      "sass": "^1.32.11",
      "sass-resources-loader": "^2.1.1",
      "swiper": "^3.4.2",
      "webpack-bundle-analyzer": "^3.8.0"
    },
    "homepage": "./"
  }

yarn manifest: 
  No manifest

Lockfile: 
  No lockfile
